<?xml version="1.0" encoding="UTF-8" standalone="no"?>
<!DOCTYPE log SYSTEM "logger.dtd">
<log>
<record>
  <date>2017-05-29T14:41:42.362-0300</date>
  <logger>MARIANA MARQUES DOS SANTOS DELA BIANCA</logger>
  <level>FINE</level>
  <message>File 116110206-MARIANA MARQUES DOS SANTOS DELA BIANCA.zip was received. It was sent by MARIANA MARQUES DOS SANTOS DELA BIANCA from IP 150.165.54.134</message>
</record>
</log>
<?xml version="1.0" encoding="UTF-8" standalone="no"?>
<!DOCTYPE log SYSTEM "logger.dtd">
<log>
<record>
  <date>2017-05-29T23:13:28.812-0300</date>
  <logger>MARIANA MARQUES DOS SANTOS DELA BIANCA</logger>
  <level>FINE</level>
  <message>File 116110206-MARIANA MARQUES DOS SANTOS DELA BIANCA.zip was received. It was sent by MARIANA MARQUES DOS SANTOS DELA BIANCA from IP 192.168.0.106</message>
</record>
</log>
<?xml version="1.0" encoding="UTF-8" standalone="no"?>
<!DOCTYPE log SYSTEM "logger.dtd">
<log>
<record>
  <date>2017-05-29T23:26:57.726-0300</date>
  <logger>MARIANA MARQUES DOS SANTOS DELA BIANCA</logger>
  <level>FINE</level>
  <message>File 116110206-MARIANA MARQUES DOS SANTOS DELA BIANCA.zip was received. It was sent by MARIANA MARQUES DOS SANTOS DELA BIANCA from IP 192.168.0.106</message>
</record>
