<?xml version="1.0" encoding="UTF-8" standalone="no"?>
<!DOCTYPE log SYSTEM "logger.dtd">
<log>
<record>
  <date>2017-06-05T14:32:03.923-0300</date>
  <logger>MARIANA MARQUES DOS SANTOS DELA BIANCA</logger>
  <level>FINE</level>
  <message>File 116110206-MARIANA MARQUES DOS SANTOS DELA BIANCA.zip was received. It was sent by MARIANA MARQUES DOS SANTOS DELA BIANCA from IP 127.0.1.1</message>
</record>
</log>
<?xml version="1.0" encoding="UTF-8" standalone="no"?>
<!DOCTYPE log SYSTEM "logger.dtd">
<log>
<record>
  <date>2017-06-05T21:36:06.692-0300</date>
  <logger>MARIANA MARQUES DOS SANTOS DELA BIANCA</logger>
  <level>FINE</level>
  <message>File 116110206-MARIANA MARQUES DOS SANTOS DELA BIANCA.zip was received. It was sent by MARIANA MARQUES DOS SANTOS DELA BIANCA from IP 192.168.0.106</message>
</record>
</log>
<?xml version="1.0" encoding="UTF-8" standalone="no"?>
<!DOCTYPE log SYSTEM "logger.dtd">
<log>
<record>
  <date>2017-06-05T21:38:35.045-0300</date>
  <logger>MARIANA MARQUES DOS SANTOS DELA BIANCA</logger>
  <level>FINE</level>
  <message>File 116110206-MARIANA MARQUES DOS SANTOS DELA BIANCA.zip was received. It was sent by MARIANA MARQUES DOS SANTOS DELA BIANCA from IP 192.168.0.106</message>
</record>
</log>
<?xml version="1.0" encoding="UTF-8" standalone="no"?>
<!DOCTYPE log SYSTEM "logger.dtd">
<log>
<record>
  <date>2017-06-05T21:50:55.449-0300</date>
  <logger>MARIANA MARQUES DOS SANTOS DELA BIANCA</logger>
  <level>FINE</level>
  <message>File 116110206-MARIANA MARQUES DOS SANTOS DELA BIANCA.zip was received. It was sent by MARIANA MARQUES DOS SANTOS DELA BIANCA from IP 192.168.0.106</message>
</record>
