<?xml version="1.0" encoding="UTF-8" standalone="no"?>
<!DOCTYPE log SYSTEM "logger.dtd">
<log>
<record>
  <date>2017-07-26T16:19:57.218-0300</date>
  <logger>MARIANA MARQUES DOS SANTOS DELA BIANCA</logger>
  <level>FINE</level>
  <message>File 116110206-MARIANA MARQUES DOS SANTOS DELA BIANCA.zip was received. It was sent by MARIANA MARQUES DOS SANTOS DELA BIANCA from IP 192.168.0.122</message>
</record>
</log>
<?xml version="1.0" encoding="UTF-8" standalone="no"?>
<!DOCTYPE log SYSTEM "logger.dtd">
<log>
<record>
  <date>2017-07-26T16:51:27.505-0300</date>
  <logger>MARIANA MARQUES DOS SANTOS DELA BIANCA</logger>
  <level>FINE</level>
  <message>File 116110206-MARIANA MARQUES DOS SANTOS DELA BIANCA.zip was received. It was sent by MARIANA MARQUES DOS SANTOS DELA BIANCA from IP 192.168.0.122</message>
</record>
</log>
<?xml version="1.0" encoding="UTF-8" standalone="no"?>
<!DOCTYPE log SYSTEM "logger.dtd">
<log>
<record>
  <date>2017-07-27T01:07:42.837-0300</date>
  <logger>MARIANA MARQUES DOS SANTOS DELA BIANCA</logger>
  <level>FINE</level>
  <message>File 116110206-MARIANA MARQUES DOS SANTOS DELA BIANCA.zip was received. It was sent by MARIANA MARQUES DOS SANTOS DELA BIANCA from IP 192.168.0.122</message>
</record>
</log>
<?xml version="1.0" encoding="UTF-8" standalone="no"?>
<!DOCTYPE log SYSTEM "logger.dtd">
<log>
<record>
  <date>2017-07-28T00:52:04.128-0300</date>
  <logger>MARIANA MARQUES DOS SANTOS DELA BIANCA</logger>
  <level>FINE</level>
  <message>File 116110206-MARIANA MARQUES DOS SANTOS DELA BIANCA.zip was received. It was sent by MARIANA MARQUES DOS SANTOS DELA BIANCA from IP 192.168.0.122</message>
</record>
