<?xml version="1.0" encoding="UTF-8" standalone="no"?>
<!DOCTYPE log SYSTEM "logger.dtd">
<log>
<record>
  <date>2017-07-03T14:10:04.174-0300</date>
  <logger>MARIANA MARQUES DOS SANTOS DELA BIANCA</logger>
  <level>FINE</level>
  <message>File 116110206-MARIANA MARQUES DOS SANTOS DELA BIANCA.zip was received. It was sent by MARIANA MARQUES DOS SANTOS DELA BIANCA from IP 127.0.1.1</message>
</record>
</log>
<?xml version="1.0" encoding="UTF-8" standalone="no"?>
<!DOCTYPE log SYSTEM "logger.dtd">
<log>
<record>
  <date>2017-07-04T00:05:12.685-0300</date>
  <logger>MARIANA MARQUES DOS SANTOS DELA BIANCA</logger>
  <level>FINE</level>
  <message>File 116110206-MARIANA MARQUES DOS SANTOS DELA BIANCA.zip was received. It was sent by MARIANA MARQUES DOS SANTOS DELA BIANCA from IP 192.168.0.107</message>
</record>
</log>
<?xml version="1.0" encoding="UTF-8" standalone="no"?>
<!DOCTYPE log SYSTEM "logger.dtd">
<log>
<record>
  <date>2017-07-04T01:28:36.041-0300</date>
  <logger>MARIANA MARQUES DOS SANTOS DELA BIANCA</logger>
  <level>FINE</level>
  <message>File 116110206-MARIANA MARQUES DOS SANTOS DELA BIANCA.zip was received. It was sent by MARIANA MARQUES DOS SANTOS DELA BIANCA from IP 192.168.0.107</message>
</record>
</log>
<?xml version="1.0" encoding="UTF-8" standalone="no"?>
<!DOCTYPE log SYSTEM "logger.dtd">
<log>
<record>
  <date>2017-07-04T01:30:24.421-0300</date>
  <logger>MARIANA MARQUES DOS SANTOS DELA BIANCA</logger>
  <level>FINE</level>
  <message>File 116110206-MARIANA MARQUES DOS SANTOS DELA BIANCA.zip was received. It was sent by MARIANA MARQUES DOS SANTOS DELA BIANCA from IP 192.168.0.107</message>
</record>
